================================================================================
  WIKIPULSE — SYSTEM STATUS LOG
  Project : WikiPulse Phase 1 — The Messaging Backbone
  Started : 2026-03-19T21:51:00+05:30
================================================================================

[2026-03-19T21:51:00+05:30] [INIT] Logging architecture initialized.
[2026-03-19T21:51:00+05:30] [INIT] ARCH_DECISIONS.md created with ADR-001 through ADR-005.
[2026-03-19T22:30:00+05:30] [TASK 1 COMPLETE] - [VERIFICATION PASSED] - [2026-03-19T22:30:00+05:30]
[2026-03-19T22:30:00+05:30] [INFO] Maven clean compile executed successfully (Build time: ~5s). All Big Tech dependencies resolved.
[2026-03-19T22:30:00+05:30] [INFO] Spotless apply/check enforced Google Java Style correctly.
[2026-03-19T22:30:00+05:30] [INFO] Maven test executed successfully (Build time: ~15s). Testcontainers reliably spun up Postgres, Redis, and Kafka without orchestration issues.
[2026-03-19T22:40:52+05:30] [TASK 2 COMPLETE] - [VERIFICATION PASSED] - [2026-03-19T22:40:52+05:30]
[2026-03-19T22:40:52+05:30] [INFO] Infrastructure validation successful. Verification output details:
Topic: wiki-edits      TopicId: jwvnYPZKTKWUShzCyoYihA PartitionCount: 3     ReplicationFactor: 1    Configs:
        Topic: wiki-edits      Partition: 0    Leader: 1     Replicas: 1     Isr: 1
        Topic: wiki-edits      Partition: 1    Leader: 1     Replicas: 1     Isr: 1
        Topic: wiki-edits      Partition: 2    Leader: 1     Replicas: 1     Isr: 1
[2026-03-19T22:40:52+05:30] [INFO] Infrastructure stabilized. All 4 target containers (postgres, redis, zookeeper, kafka) are Up/Healthy.
[2026-03-19T23:11:45+05:30] [TASK 3 COMPLETE] - [VERIFICATION PASSED]
[2026-03-21T01:53:00+05:30] [TASK 4 COMPLETE] - [VERIFICATION PASSED]
[2026-03-21T01:53:00+05:30] [INFO] Reactive Wikipedia SSE Client implementation completed and verified via 30-second live test. Observed 340 events in ~20 seconds, representing an approximate ingestion rate of 17 EPS. Reconnection logic and backpressure strategy (ADR-009) confirmed operational.
